\BOOKMARK [0][-]{rootNode.0}{Front Matter}{}% 1
\BOOKMARK [1][-]{a.1}{Title}{rootNode.0}% 2
\BOOKMARK [1][-]{b.1}{Dedication}{rootNode.0}% 3
\BOOKMARK [1][-]{c.1}{Acknowledgments}{rootNode.0}% 4
\BOOKMARK [1][-]{e.1}{Abstract}{rootNode.0}% 5
\BOOKMARK [0][-]{f.0}{Table of Contents}{}% 6
\BOOKMARK [0][-]{chapter.1}{1 Introduction}{}% 7
\BOOKMARK [1][-]{section.1.1}{1.1 Nuclear Energy}{chapter.1}% 8
\BOOKMARK [1][-]{section.1.2}{1.2 Molten Salt Reactors}{chapter.1}% 9
\BOOKMARK [2][-]{subsection.1.2.1}{1.2.1 Molten Salt Reactor Experiment}{section.1.2}% 10
\BOOKMARK [2][-]{subsection.1.2.2}{1.2.2 Fission Product Elements}{section.1.2}% 11
\BOOKMARK [1][-]{section.1.3}{1.3 VERA}{chapter.1}% 12
\BOOKMARK [0][-]{chapter.2}{2 Behavior of Volatile Fission Products }{}% 13
\BOOKMARK [1][-]{section.2.1}{2.1 Noble Gases}{chapter.2}% 14
\BOOKMARK [2][-]{subsection.2.1.1}{2.1.1 Effect of Circulating Voids}{section.2.1}% 15
\BOOKMARK [2][-]{subsection.2.1.2}{2.1.2 Cover Gas Solubility}{section.2.1}% 16
\BOOKMARK [2][-]{subsection.2.1.3}{2.1.3 Noble Gas Transport}{section.2.1}% 17
\BOOKMARK [1][-]{section.2.2}{2.2 Noble Metals}{chapter.2}% 18
\BOOKMARK [2][-]{subsection.2.2.1}{2.2.1 Thermodynamic Background}{section.2.2}% 19
\BOOKMARK [2][-]{subsection.2.2.2}{2.2.2 Noble Metal Transport}{section.2.2}% 20
\BOOKMARK [0][-]{chapter.3}{3 Governing Equations}{}% 21
\BOOKMARK [1][-]{section.3.1}{3.1 Conservation of species for multi-phase flow}{chapter.3}% 22
\BOOKMARK [1][-]{section.3.2}{3.2 Understanding Volumetric Source Terms}{chapter.3}% 23
\BOOKMARK [2][-]{subsection.3.2.1}{3.2.1 Nuclear Interactions}{section.3.2}% 24
\BOOKMARK [2][-]{subsection.3.2.2}{3.2.2 Importance of Decay Chains}{section.3.2}% 25
\BOOKMARK [2][-]{subsection.3.2.3}{3.2.3 Direct Yield from Fission}{section.3.2}% 26
\BOOKMARK [2][-]{subsection.3.2.4}{3.2.4 Generation from Decay}{section.3.2}% 27
\BOOKMARK [2][-]{subsection.3.2.5}{3.2.5 Generation from Transmutation}{section.3.2}% 28
\BOOKMARK [2][-]{subsection.3.2.6}{3.2.6 System Removal and Addition}{section.3.2}% 29
\BOOKMARK [1][-]{section.3.3}{3.3 Boundary Conditions and Phase Coupling}{chapter.3}% 30
\BOOKMARK [2][-]{subsection.3.3.1}{3.3.1 Two-phase Interface}{section.3.3}% 31
\BOOKMARK [1][-]{section.3.4}{3.4 Mass Transfer Coefficients}{chapter.3}% 32
\BOOKMARK [2][-]{subsection.3.4.1}{3.4.1 Stagnant-film Model}{section.3.4}% 33
\BOOKMARK [2][-]{subsection.3.4.2}{3.4.2 Penetration theory}{section.3.4}% 34
\BOOKMARK [2][-]{subsection.3.4.3}{3.4.3 Surface Renewal Theory}{section.3.4}% 35
\BOOKMARK [2][-]{subsection.3.4.4}{3.4.4 Mass transfer correlations}{section.3.4}% 36
\BOOKMARK [1][-]{section.3.5}{3.5 Interfacial Area Tracking}{chapter.3}% 37
\BOOKMARK [2][-]{subsection.3.5.1}{3.5.1 Boundary Conditions}{section.3.5}% 38
\BOOKMARK [0][-]{chapter.4}{4 Implementation of Species Transport }{}% 39
\BOOKMARK [1][-]{section.4.1}{4.1 Averaging Operators}{chapter.4}% 40
\BOOKMARK [1][-]{section.4.2}{4.2 Discretization}{chapter.4}% 41
\BOOKMARK [2][-]{subsection.4.2.1}{4.2.1 Upwind Differencing Scheme}{section.4.2}% 42
\BOOKMARK [2][-]{subsection.4.2.2}{4.2.2 Time Marching Scheme}{section.4.2}% 43
\BOOKMARK [0][-]{chapter.5}{5 Results}{}% 44
\BOOKMARK [1][-]{section.5.1}{5.1 General Species Transport}{chapter.5}% 45
\BOOKMARK [2][-]{subsection.5.1.1}{5.1.1 Source Term}{section.5.1}% 46
\BOOKMARK [2][-]{subsection.5.1.2}{5.1.2 Single Channel Axial Step Change}{section.5.1}% 47
\BOOKMARK [2][-]{subsection.5.1.3}{5.1.3 Multi-channel Lateral Flow Step Change}{section.5.1}% 48
\BOOKMARK [2][-]{subsection.5.1.4}{5.1.4 Single Channel Axial Neutron Flux}{section.5.1}% 49
\BOOKMARK [1][-]{section.5.2}{5.2 Multi-phase Species Transport}{chapter.5}% 50
\BOOKMARK [2][-]{subsection.5.2.1}{5.2.1 Bubble Growth}{section.5.2}% 51
\BOOKMARK [2][-]{subsection.5.2.2}{5.2.2 Interfacial Area Source}{section.5.2}% 52
\BOOKMARK [2][-]{subsection.5.2.3}{5.2.3 Bubble and Species Removal}{section.5.2}% 53
\BOOKMARK [1][-]{section.5.3}{5.3 Case Studies}{chapter.5}% 54
\BOOKMARK [2][-]{subsection.5.3.1}{5.3.1 Base Case Results}{section.5.3}% 55
\BOOKMARK [2][-]{subsection.5.3.2}{5.3.2 Change in Injected Bubble Diameter}{section.5.3}% 56
\BOOKMARK [2][-]{subsection.5.3.3}{5.3.3 Change in Xenon Mass Transfer Coefficient}{section.5.3}% 57
\BOOKMARK [2][-]{subsection.5.3.4}{5.3.4 Change in Helium Gas Injection Rate}{section.5.3}% 58
\BOOKMARK [2][-]{subsection.5.3.5}{5.3.5 Bubble Removal Efficiency}{section.5.3}% 59
\BOOKMARK [2][-]{subsection.5.3.6}{5.3.6 Change in Cover Gas}{section.5.3}% 60
\BOOKMARK [0][-]{chapter.6}{6 Conclusions and Future Work}{}% 61
\BOOKMARK [0][-]{section*.91}{Bibliography}{}% 62
\BOOKMARK [0][-]{section*.92}{Vita}{}% 63
