This is pdfTeX, Version 3.14159265-2.6-1.40.20 (TeX Live 2019/Debian) (preloaded format=pdflatex 2020.9.22)  2 JUL 2021 00:58
entering extended mode
 restricted \write18 enabled.
 %&-line parsing enabled.
**my-dissertation.tex
(./my-dissertation.tex
LaTeX2e <2020-02-02> patch level 2
L3 programming layer <2020-02-14> (./utthesis.cls
utthesis.cls
ver 2.1.0
Updated by Darrin Weber
April 19, 2017
Many parts and settings of this class are based on the template provided by Dav
id L. Page and updated by Tony Saad.
Document Class: utthesis 
(/usr/share/texlive/texmf-dist/tex/latex/base/report.cls
Document Class: report 2019/12/20 v1.4l Standard LaTeX document class
(/usr/share/texlive/texmf-dist/tex/latex/base/size12.clo
File: size12.clo 2019/12/20 v1.4l Standard LaTeX file (size option)
)
\c@part=\count167
\c@chapter=\count168
\c@section=\count169
\c@subsection=\count170
\c@subsubsection=\count171
\c@paragraph=\count172
\c@subparagraph=\count173
\c@figure=\count174
\c@table=\count175
\abovecaptionskip=\skip47
\belowcaptionskip=\skip48
\bibindent=\dimen134
)
(/usr/share/texlive/texmf-dist/tex/latex/amsmath/amsmath.sty
Package: amsmath 2020/01/20 v2.17e AMS math features
\@mathmargin=\skip49

For additional information on amsmath, use the `?' option.
(/usr/share/texlive/texmf-dist/tex/latex/amsmath/amstext.sty
Package: amstext 2000/06/29 v2.01 AMS text

(/usr/share/texlive/texmf-dist/tex/latex/amsmath/amsgen.sty
File: amsgen.sty 1999/11/30 v2.0 generic functions
\@emptytoks=\toks14
\ex@=\dimen135
))
(/usr/share/texlive/texmf-dist/tex/latex/amsmath/amsbsy.sty
Package: amsbsy 1999/11/29 v1.2d Bold Symbols
\pmbraise@=\dimen136
)
(/usr/share/texlive/texmf-dist/tex/latex/amsmath/amsopn.sty
Package: amsopn 2016/03/08 v2.02 operator names
)
\inf@bad=\count176
LaTeX Info: Redefining \frac on input line 227.
\uproot@=\count177
\leftroot@=\count178
LaTeX Info: Redefining \overline on input line 389.
\classnum@=\count179
\DOTSCASE@=\count180
LaTeX Info: Redefining \ldots on input line 486.
LaTeX Info: Redefining \dots on input line 489.
LaTeX Info: Redefining \cdots on input line 610.
\Mathstrutbox@=\box45
\strutbox@=\box46
\big@size=\dimen137
LaTeX Font Info:    Redeclaring font encoding OML on input line 733.
LaTeX Font Info:    Redeclaring font encoding OMS on input line 734.
\macc@depth=\count181
\c@MaxMatrixCols=\count182
\dotsspace@=\muskip16
\c@parentequation=\count183
\dspbrk@lvl=\count184
\tag@help=\toks15
\row@=\count185
\column@=\count186
\maxfields@=\count187
\andhelp@=\toks16
\eqnshift@=\dimen138
\alignsep@=\dimen139
\tagshift@=\dimen140
\tagwidth@=\dimen141
\totwidth@=\dimen142
\lineht@=\dimen143
\@envbody=\toks17
\multlinegap=\skip50
\multlinetaggap=\skip51
\mathdisplay@stack=\toks18
LaTeX Info: Redefining \[ on input line 2859.
LaTeX Info: Redefining \] on input line 2860.
)
(/usr/share/texlive/texmf-dist/tex/latex/amscls/amsthm.sty
Package: amsthm 2017/10/31 v2.20.4
\thm@style=\toks19
\thm@bodyfont=\toks20
\thm@headfont=\toks21
\thm@notefont=\toks22
\thm@headpunct=\toks23
\thm@preskip=\skip52
\thm@postskip=\skip53
\thm@headsep=\skip54
\dth@everypar=\toks24
)
(/usr/share/texlive/texmf-dist/tex/latex/amsfonts/amssymb.sty
Package: amssymb 2013/01/14 v3.01 AMS font symbols

(/usr/share/texlive/texmf-dist/tex/latex/amsfonts/amsfonts.sty
Package: amsfonts 2013/01/14 v3.01 Basic AMSFonts support
\symAMSa=\mathgroup4
\symAMSb=\mathgroup5
LaTeX Font Info:    Redeclaring math symbol \hbar on input line 98.
LaTeX Font Info:    Overwriting math alphabet `\mathfrak' in version `bold'
(Font)                  U/euf/m/n --> U/euf/b/n on input line 106.
))
(/usr/share/texlive/texmf-dist/tex/latex/setspace/setspace.sty
Package: setspace 2011/12/19 v6.7a set line spacing
)
(/usr/share/texlive/texmf-dist/tex/latex/geometry/geometry.sty
Package: geometry 2020/01/02 v5.9 Page Geometry

(/usr/share/texlive/texmf-dist/tex/latex/graphics/keyval.sty
Package: keyval 2014/10/28 v1.15 key=value parser (DPC)
\KV@toks@=\toks25
)
(/usr/share/texlive/texmf-dist/tex/generic/iftex/ifvtex.sty
Package: ifvtex 2019/10/25 v1.7 ifvtex legacy package. Use iftex instead.

(/usr/share/texlive/texmf-dist/tex/generic/iftex/iftex.sty
Package: iftex 2019/11/07 v1.0c TeX engine tests
))
\Gm@cnth=\count188
\Gm@cntv=\count189
\c@Gm@tempcnt=\count190
\Gm@bindingoffset=\dimen144
\Gm@wd@mp=\dimen145
\Gm@odd@mp=\dimen146
\Gm@even@mp=\dimen147
\Gm@layoutwidth=\dimen148
\Gm@layoutheight=\dimen149
\Gm@layouthoffset=\dimen150
\Gm@layoutvoffset=\dimen151
\Gm@dimlist=\toks26
)
(/usr/share/texlive/texmf-dist/tex/latex/hyperref/hyperref.sty
Package: hyperref 2020/01/14 v7.00d Hypertext links for LaTeX

(/usr/share/texlive/texmf-dist/tex/generic/ltxcmds/ltxcmds.sty
Package: ltxcmds 2019/12/15 v1.24 LaTeX kernel commands for general use (HO)
)
(/usr/share/texlive/texmf-dist/tex/latex/pdftexcmds/pdftexcmds.sty
Package: pdftexcmds 2019/11/24 v0.31 Utility functions of pdfTeX for LuaTeX (HO
)

(/usr/share/texlive/texmf-dist/tex/generic/infwarerr/infwarerr.sty
Package: infwarerr 2019/12/03 v1.5 Providing info/warning/error messages (HO)
)
Package pdftexcmds Info: \pdf@primitive is available.
Package pdftexcmds Info: \pdf@ifprimitive is available.
Package pdftexcmds Info: \pdfdraftmode found.
)
(/usr/share/texlive/texmf-dist/tex/generic/kvsetkeys/kvsetkeys.sty
Package: kvsetkeys 2019/12/15 v1.18 Key value parser (HO)
)
(/usr/share/texlive/texmf-dist/tex/generic/kvdefinekeys/kvdefinekeys.sty
Package: kvdefinekeys 2019-12-19 v1.6 Define keys (HO)
)
(/usr/share/texlive/texmf-dist/tex/generic/pdfescape/pdfescape.sty
Package: pdfescape 2019/12/09 v1.15 Implements pdfTeX's escape features (HO)
)
(/usr/share/texlive/texmf-dist/tex/latex/hycolor/hycolor.sty
Package: hycolor 2020-01-27 v1.10 Color options for hyperref/bookmark (HO)
)
(/usr/share/texlive/texmf-dist/tex/latex/letltxmacro/letltxmacro.sty
Package: letltxmacro 2019/12/03 v1.6 Let assignment for LaTeX macros (HO)
)
(/usr/share/texlive/texmf-dist/tex/latex/auxhook/auxhook.sty
Package: auxhook 2019-12-17 v1.6 Hooks for auxiliary files (HO)
)
(/usr/share/texlive/texmf-dist/tex/latex/kvoptions/kvoptions.sty
Package: kvoptions 2019/11/29 v3.13 Key value format for package options (HO)
)
\@linkdim=\dimen152
\Hy@linkcounter=\count191
\Hy@pagecounter=\count192

(/usr/share/texlive/texmf-dist/tex/latex/hyperref/pd1enc.def
File: pd1enc.def 2020/01/14 v7.00d Hyperref: PDFDocEncoding definition (HO)
Now handling font encoding PD1 ...
... no UTF-8 mapping file for font encoding PD1
)
(/usr/share/texlive/texmf-dist/tex/generic/intcalc/intcalc.sty
Package: intcalc 2019/12/15 v1.3 Expandable calculations with integers (HO)
)
(/usr/share/texlive/texmf-dist/tex/generic/etexcmds/etexcmds.sty
Package: etexcmds 2019/12/15 v1.7 Avoid name clashes with e-TeX commands (HO)
)
\Hy@SavedSpaceFactor=\count193
\pdfmajorversion=\count194
Package hyperref Info: Option `plainpages' set `false' on input line 4421.
Package hyperref Info: Option `pdfpagelabels' set `true' on input line 4421.
Package hyperref Info: Option `breaklinks' set `true' on input line 4421.
Package hyperref Info: Hyper figures OFF on input line 4547.
Package hyperref Info: Link nesting OFF on input line 4552.
Package hyperref Info: Hyper index ON on input line 4555.
Package hyperref Info: Plain pages OFF on input line 4562.
Package hyperref Info: Backreferencing ON on input line 4565.
Package hyperref Info: Implicit mode ON; LaTeX internals redefined.
Package hyperref Info: Bookmarks ON on input line 4800.

(/usr/share/texlive/texmf-dist/tex/latex/hyperref/backref.sty
Package: backref 2020/01/14 v1.40 Bibliographical back referencing

(/usr/share/texlive/texmf-dist/tex/latex/rerunfilecheck/rerunfilecheck.sty
Package: rerunfilecheck 2019/12/05 v1.9 Rerun checks for auxiliary files (HO)

(/usr/share/texlive/texmf-dist/tex/latex/atveryend/atveryend.sty
Package: atveryend 2019-12-11 v1.11 Hooks at the very end of document (HO)
Package atveryend Info: \enddocument detected (standard20110627).
)
(/usr/share/texlive/texmf-dist/tex/generic/uniquecounter/uniquecounter.sty
Package: uniquecounter 2019/12/15 v1.4 Provide unlimited unique counter (HO)

(/usr/share/texlive/texmf-dist/tex/generic/bigintcalc/bigintcalc.sty
Package: bigintcalc 2019/12/15 v1.5 Expandable calculations on big integers (HO
)
))
Package uniquecounter Info: New unique counter `rerunfilecheck' on input line 2
86.
))
\c@Hy@tempcnt=\count195

(/usr/share/texlive/texmf-dist/tex/latex/url/url.sty
\Urlmuskip=\muskip17
Package: url 2013/09/16  ver 3.4  Verb mode for urls, etc.
)
LaTeX Info: Redefining \url on input line 5159.
\XeTeXLinkMargin=\dimen153

(/usr/share/texlive/texmf-dist/tex/generic/bitset/bitset.sty
Package: bitset 2019/12/09 v1.3 Handle bit-vector datatype (HO)
)
\Fld@menulength=\count196
\Field@Width=\dimen154
\Fld@charsize=\dimen155
Package hyperref Info: Hyper figures OFF on input line 6430.
Package hyperref Info: Link nesting OFF on input line 6435.
Package hyperref Info: Hyper index ON on input line 6438.
Package hyperref Info: backreferencing ON on input line 6443.
Package hyperref Info: Link coloring OFF on input line 6450.
Package hyperref Info: Link coloring with OCG OFF on input line 6455.
Package hyperref Info: PDF/A mode OFF on input line 6460.
LaTeX Info: Redefining \ref on input line 6500.
LaTeX Info: Redefining \pageref on input line 6504.

(/usr/share/texlive/texmf-dist/tex/generic/atbegshi/atbegshi.sty
Package: atbegshi 2019/12/05 v1.19 At begin shipout hook (HO)
)
\Hy@abspage=\count197
\c@Item=\count198
\c@Hfootnote=\count199
)
Package hyperref Info: Driver: hpdftex.

(/usr/share/texlive/texmf-dist/tex/latex/hyperref/hpdftex.def
File: hpdftex.def 2020/01/14 v7.00d Hyperref driver for pdfTeX
\Fld@listcount=\count266
\c@bookmark@seq@number=\count267
\Hy@SectionHShift=\skip55
)
(/usr/share/texlive/texmf-dist/tex/latex/graphics/color.sty
Package: color 2019/11/23 v1.2a Standard LaTeX Color (DPC)

(/usr/share/texlive/texmf-dist/tex/latex/graphics-cfg/color.cfg
File: color.cfg 2016/01/02 v1.6 sample color configuration
)
Package color Info: Driver file: pdftex.def on input line 147.

(/usr/share/texlive/texmf-dist/tex/latex/graphics-def/pdftex.def
File: pdftex.def 2018/01/08 v1.0l Graphics/color driver for pdftex
))
\c@theorem=\count268
Package hyperref Info: Option `bookmarksnumbered' set `true' on input line 134.

Package hyperref Info: Option `bookmarksopen' set `false' on input line 134.
Package hyperref Info: Option `pdffitwindow' set `true' on input line 134.
Package hyperref Info: Option `pdfnewwindow' set `true' on input line 134.
Package hyperref Info: Option `colorlinks' set `true' on input line 134.
)
(/usr/share/texlive/texmf-dist/tex/latex/nomencl/nomencl.sty
Package: nomencl 2019/11/23 v5.3 Nomenclature package

(/usr/share/texlive/texmf-dist/tex/latex/xkeyval/xkeyval.sty
Package: xkeyval 2014/12/03 v2.7a package option processing (HA)

(/usr/share/texlive/texmf-dist/tex/generic/xkeyval/xkeyval.tex
(/usr/share/texlive/texmf-dist/tex/generic/xkeyval/xkvutils.tex
\XKV@toks=\toks27
\XKV@tempa@toks=\toks28
)
\XKV@depth=\count269
File: xkeyval.tex 2014/12/03 v2.7a key=value parser (HA)
))
(/usr/share/texlive/texmf-dist/tex/latex/base/ifthen.sty
Package: ifthen 2014/09/29 v1.1c Standard LaTeX ifthen package (DPC)
)
(/usr/share/texlive/texmf-dist/tex/latex/koma-script/tocbasic.sty
Package: tocbasic 2020/01/24 v3.29 KOMA-Script package (handling toc-files)

(/usr/share/texlive/texmf-dist/tex/latex/koma-script/scrbase.sty
Package: scrbase 2020/01/24 v3.29 KOMA-Script package (KOMA-Script-independent 
basics and keyval usage)

(/usr/share/texlive/texmf-dist/tex/latex/koma-script/scrlfile.sty
Package: scrlfile 2020/01/24 v3.29 KOMA-Script package (loading files)
))
\scr@dte@tocline@numberwidth=\skip56
\scr@dte@tocline@numbox=\box47
)
Package tocbasic Info: setting babel extension for `nlo' on input line 163.
Package tocbasic Info: setting babel extension for `nls' on input line 164.
\nomlabelwidth=\dimen156
\nom@tempdim=\dimen157
\nomitemsep=\skip57
)
(/usr/share/texlive/texmf-dist/tex/latex/float/float.sty
Package: float 2001/11/08 v1.3d Float enhancements (AL)
\c@float@type=\count270
\float@exts=\toks29
\float@box=\box48
\@float@everytoks=\toks30
\@floatcapt=\box49
)
(/usr/share/texlive/texmf-dist/tex/latex/natbib/natbib.sty
Package: natbib 2010/09/13 8.31b (PWD, AO)
\bibhang=\skip58
\bibsep=\skip59
LaTeX Info: Redefining \cite on input line 694.
\c@NAT@ctr=\count271
)
(/usr/share/texlive/texmf-dist/tex/latex/graphics/graphicx.sty
Package: graphicx 2019/11/30 v1.2a Enhanced LaTeX Graphics (DPC,SPQR)

(/usr/share/texlive/texmf-dist/tex/latex/graphics/graphics.sty
Package: graphics 2019/11/30 v1.4a Standard LaTeX Graphics (DPC,SPQR)

(/usr/share/texlive/texmf-dist/tex/latex/graphics/trig.sty
Package: trig 2016/01/03 v1.10 sin cos tan (DPC)
)
(/usr/share/texlive/texmf-dist/tex/latex/graphics-cfg/graphics.cfg
File: graphics.cfg 2016/06/04 v1.11 sample graphics configuration
)
Package graphics Info: Driver file: pdftex.def on input line 105.
)
\Gin@req@height=\dimen158
\Gin@req@width=\dimen159
)
(/usr/share/texlive/texmf-dist/tex/latex/fancyhdr/fancyhdr.sty
Package: fancyhdr 2019/01/31 v3.10 Extensive control of page headers and footer
s
\f@nch@headwidth=\skip60
\f@nch@O@elh=\skip61
\f@nch@O@erh=\skip62
\f@nch@O@olh=\skip63
\f@nch@O@orh=\skip64
\f@nch@O@elf=\skip65
\f@nch@O@erf=\skip66
\f@nch@O@olf=\skip67
\f@nch@O@orf=\skip68
)
(/usr/share/texlive/texmf-dist/tex/latex/srcltx/srcltx.sty
Package: srcltx 2006/11/12 v1.6 Source specials for inverse search in DVI files

\src@lastline=\count272
\src@new@everypar=\toks31
\src@new@output=\toks32
)
(/usr/share/texlive/texmf-dist/tex/latex/relsize/relsize.sty
Package: relsize 2013/03/29 ver 4.1
)
(/usr/share/texlive/texmf-dist/tex/latex/booktabs/booktabs.sty
Package: booktabs 2020/01/12 v1.61803398 Publication quality tables
\heavyrulewidth=\dimen160
\lightrulewidth=\dimen161
\cmidrulewidth=\dimen162
\belowrulesep=\dimen163
\belowbottomsep=\dimen164
\aboverulesep=\dimen165
\abovetopsep=\dimen166
\cmidrulesep=\dimen167
\cmidrulekern=\dimen168
\defaultaddspace=\dimen169
\@cmidla=\count273
\@cmidlb=\count274
\@aboverulesep=\dimen170
\@belowrulesep=\dimen171
\@thisruleclass=\count275
\@lastruleclass=\count276
\@thisrulewidth=\dimen172
)
(/usr/share/texlive/texmf-dist/tex/latex/caption/caption.sty
Package: caption 2020/01/03 v3.4h Customizing captions (AR)

(/usr/share/texlive/texmf-dist/tex/latex/caption/caption3.sty
Package: caption3 2020/01/03 v1.8h caption3 kernel (AR)
Package caption3 Info: TeX engine: e-TeX on input line 61.
\captionmargin=\dimen173
\captionmargin@=\dimen174
\captionwidth=\dimen175
\caption@tempdima=\dimen176
\caption@indent=\dimen177
\caption@parindent=\dimen178
\caption@hangindent=\dimen179
Package caption Info: Standard document class detected.
)

Package caption Warning: Configuration file caption.cfg not found on input line
 305.
See the caption package documentation for explanation.

\c@caption@flags=\count277
\c@continuedfloat=\count278
Package caption Info: float package is loaded.
Package caption Info: hyperref package is loaded.
) (/usr/share/texlive/texmf-dist/tex/latex/subfig/subfig.sty
Package: subfig 2005/06/28 ver: 1.3 subfig package
\c@KVtest=\count279
\sf@farskip=\skip69
\sf@captopadj=\dimen180
\sf@capskip=\skip70
\sf@nearskip=\skip71


Package subfig Warning: Configuration file subfig.cfg not found on input line 2
97.

\c@subfigure=\count280
\c@subfigure@save=\count281
\c@lofdepth=\count282
\c@subtable=\count283
\c@subtable@save=\count284
\c@lotdepth=\count285
\sf@top=\skip72
\sf@bottom=\skip73
) (/usr/share/texlive/texmf-dist/tex/latex/jknapltx/mathrsfs.sty
Package: mathrsfs 1996/01/01 Math RSFS package v1.0 (jk)
\symrsfs=\mathgroup6
)
(/usr/share/texlive/texmf-dist/tex/latex/appendix/appendix.sty
Package: appendix 2020/02/08 v1.2c extra appendix facilities
\c@@pps=\count286
\c@@ppsavesec=\count287
\c@@ppsaveapp=\count288
)
(/usr/share/texlive/texmf-dist/tex/latex/pdflscape/pdflscape.sty
Package: pdflscape 2019/12/05 v0.12 Display of landscape pages in PDF (HO)

(/usr/share/texlive/texmf-dist/tex/latex/graphics/lscape.sty
Package: lscape 2000/10/22 v3.01 Landscape Pages (DPC)
)
Package pdflscape Info: Auto-detected driver: pdftex on input line 81.
)
(/usr/share/texlive/texmf-dist/tex/latex/threeparttable/threeparttable.sty
Package: threeparttable 2003/06/13  v 3.0
\@tempboxb=\box50
)
(/usr/share/texlive/texmf-dist/tex/latex/base/textcomp.sty
Package: textcomp 2020/02/02 v2.0n Standard LaTeX package
)
(/usr/share/texlive/texmf-dist/tex/latex/graphics/rotating.sty
Package: rotating 2016/08/11 v2.16d rotated objects in LaTeX
\c@r@tfl@t=\count289
\rotFPtop=\skip74
\rotFPbot=\skip75
\rot@float@box=\box51
\rot@mess@toks=\toks33
)
(/usr/share/texlive/texmf-dist/tex/latex/enumitem/enumitem.sty
Package: enumitem 2019/06/20 v3.9 Customized lists
\labelindent=\skip76
\enit@outerparindent=\dimen181
\enit@toks=\toks34
\enit@inbox=\box52
\enit@count@id=\count290
\enitdp@description=\count291
)
(/usr/share/texlive/texmf-dist/tex/latex/placeins/placeins.sty
Package: placeins 2005/04/18  v 2.2
)
(/usr/share/texlive/texmf-dist/tex/latex/l3backend/l3backend-pdfmode.def
File: l3backend-pdfmode.def 2020-02-03 L3 backend support: PDF mode
\l__kernel_color_stack_int=\count292
\l__pdf_internal_box=\box53
)
(./my-dissertation.aux (./front-matter/dedication.aux)
(./front-matter/acknowledgments.aux) (./front-matter/abstract.aux)
(./front-matter.aux) (./chapters/chapter-1.aux) (./chapters/chapter-2.aux)
(./chapters/chapter-3.aux) (./chapters/chapter-4.aux) (./chapters/chapter-5.aux
) (./chapters/chapter-6.aux) (./back-matter/vita.aux))
\openout1 = `my-dissertation.aux'.

LaTeX Font Info:    Checking defaults for OML/cmm/m/it on input line 74.
LaTeX Font Info:    ... okay on input line 74.
LaTeX Font Info:    Checking defaults for OMS/cmsy/m/n on input line 74.
LaTeX Font Info:    ... okay on input line 74.
LaTeX Font Info:    Checking defaults for OT1/cmr/m/n on input line 74.
LaTeX Font Info:    ... okay on input line 74.
LaTeX Font Info:    Checking defaults for T1/cmr/m/n on input line 74.
LaTeX Font Info:    ... okay on input line 74.
LaTeX Font Info:    Checking defaults for TS1/cmr/m/n on input line 74.
LaTeX Font Info:    ... okay on input line 74.
LaTeX Font Info:    Checking defaults for OMX/cmex/m/n on input line 74.
LaTeX Font Info:    ... okay on input line 74.
LaTeX Font Info:    Checking defaults for U/cmr/m/n on input line 74.
LaTeX Font Info:    ... okay on input line 74.
LaTeX Font Info:    Checking defaults for PD1/pdf/m/n on input line 74.
LaTeX Font Info:    ... okay on input line 74.

*geometry* detected driver: dvips
*geometry* verbose mode - [ preamble ] result:
* driver: dvips
* paper: letterpaper
* layout: <same size as paper>
* layoutoffset:(h,v)=(0.0pt,0.0pt)
* vratio: 1:1
* modes: 
* h-part:(L,W,R)=(72.26999pt, 469.75502pt, 72.26999pt)
* v-part:(T,H,B)=(72.26999pt, 650.43001pt, 72.26999pt)
* \paperwidth=614.295pt
* \paperheight=794.96999pt
* \textwidth=469.75502pt
* \textheight=650.43001pt
* \oddsidemargin=0.0pt
* \evensidemargin=0.0pt
* \topmargin=-37.0pt
* \headheight=12.0pt
* \headsep=25.0pt
* \topskip=12.0pt
* \footskip=30.0pt
* \marginparwidth=44.0pt
* \marginparsep=10.0pt
* \columnsep=10.0pt
* \skip\footins=10.8pt plus 4.0pt minus 2.0pt
* \hoffset=0.0pt
* \voffset=0.0pt
* \mag=1000
* \@twocolumnfalse
* \@twosidefalse
* \@mparswitchfalse
* \@reversemarginfalse
* (1in=72.27pt=25.4mm, 1cm=28.453pt)

Package backref Info: ** backref set up for natbib ** on input line 74.
\AtBeginShipoutBox=\box54
Package hyperref Info: Link coloring ON on input line 74.
(/usr/share/texlive/texmf-dist/tex/latex/hyperref/nameref.sty
Package: nameref 2019/09/16 v2.46 Cross-referencing by name of section

(/usr/share/texlive/texmf-dist/tex/latex/refcount/refcount.sty
Package: refcount 2019/12/15 v3.6 Data extraction from label references (HO)
)
(/usr/share/texlive/texmf-dist/tex/generic/gettitlestring/gettitlestring.sty
Package: gettitlestring 2019/12/15 v1.6 Cleanup title references (HO)
)
\c@section@level=\count293
)
LaTeX Info: Redefining \ref on input line 74.
LaTeX Info: Redefining \pageref on input line 74.
LaTeX Info: Redefining \nameref on input line 74.

(./my-dissertation.out) (./my-dissertation.out)
\@outlinefile=\write3
\openout3 = `my-dissertation.out'.


(/usr/share/texlive/texmf-dist/tex/context/base/mkii/supp-pdf.mkii
[Loading MPS to PDF converter (version 2006.09.02).]
\scratchcounter=\count294
\scratchdimen=\dimen182
\scratchbox=\box55
\nofMPsegments=\count295
\nofMParguments=\count296
\everyMPshowfont=\toks35
\MPscratchCnt=\count297
\MPscratchDim=\dimen183
\MPnumerator=\count298
\makeMPintoPDFobject=\count299
\everyMPtoPDFconversion=\toks36
) (/usr/share/texlive/texmf-dist/tex/latex/epstopdf-pkg/epstopdf-base.sty
Package: epstopdf-base 2020-01-24 v2.11 Base part for package epstopdf
Package epstopdf-base Info: Redefining graphics rule for `.eps' on input line 4
85.

(/usr/share/texlive/texmf-dist/tex/latex/latexconfig/epstopdf-sys.cfg
File: epstopdf-sys.cfg 2010/07/13 v1.3 Configuration of (r)epstopdf for TeX Liv
e
))
Package caption Info: Begin \AtBeginDocument code.
Package caption Info: subfig package v1.3 is loaded.
Package caption Info: rotating package is loaded.
Package caption Info: threeparttable package is loaded.
Package caption Info: End \AtBeginDocument code.

[1
Non-PDF special ignored!
<special> papersize=614.295pt,794.96999pt





{/var/lib/texmf/fonts/map/pdftex/updmap/pdftex.map}] [2


]
:<+ front-matter/dedication.tex
\openout2 = `front-matter/dedication.aux'.

(./front-matter/dedication.tex) [3





]
:<-
:<+ front-matter/acknowledgments.tex
\openout2 = `front-matter/acknowledgments.aux'.

(./front-matter/acknowledgments.tex) [4






]
:<-
:<+ front-matter/abstract.tex
\openout2 = `front-matter/abstract.aux'.

(./front-matter/abstract.tex
LaTeX Font Info:    Trying to load font information for U+msa on input line 4.

(/usr/share/texlive/texmf-dist/tex/latex/amsfonts/umsa.fd
File: umsa.fd 2013/01/14 v3.01 AMS symbols A
)
LaTeX Font Info:    Trying to load font information for U+msb on input line 4.

(/usr/share/texlive/texmf-dist/tex/latex/amsfonts/umsb.fd
File: umsb.fd 2013/01/14 v3.01 AMS symbols B
)
LaTeX Font Info:    Trying to load font information for U+rsfs on input line 4.


(/usr/share/texlive/texmf-dist/tex/latex/jknapltx/ursfs.fd
File: ursfs.fd 1998/03/24 rsfs font definition file (jk)
)) [5






]
:<-
(./my-dissertation.toc [6




] [7])
\tf@toc=\write4
\openout4 = `my-dissertation.toc'.

 [8] (./my-dissertation.lot)
\tf@lot=\write5
\openout5 = `my-dissertation.lot'.

 [9

]
(./my-dissertation.lof [10

] [11] [12])
\tf@lof=\write6
\openout6 = `my-dissertation.lof'.

 [13]
:<+ front-matter.tex
\openout2 = `front-matter.aux'.

No file front-matter.tex.
:<-
:<+ chapters/chapter-1.tex
\openout2 = `chapters/chapter-1.aux'.

(./chapters/chapter-1.tex
Chapter 1.
[1






] [2] [3] [4] [5]
<images/MSRE_flow_diagram.png, id=642, 374.3586pt x 209.1012pt>
File: images/MSRE_flow_diagram.png Graphic file (type png)
<use images/MSRE_flow_diagram.png>
Package pdftex.def Info: images/MSRE_flow_diagram.png  used on input line 83.
(pdftex.def)             Requested size: 361.34999pt x 201.842pt.
<images/MSRE_fuel_channel.png, id=644, 330.5148pt x 235.1184pt>
File: images/MSRE_fuel_channel.png Graphic file (type png)
<use images/MSRE_fuel_channel.png>
Package pdftex.def Info: images/MSRE_fuel_channel.png  used on input line 92.
(pdftex.def)             Requested size: 289.07999pt x 205.64914pt.
<images/MSRE_pump.png, id=645, 327.1422pt x 234.6366pt>
File: images/MSRE_pump.png Graphic file (type png)
<use images/MSRE_pump.png>
Package pdftex.def Info: images/MSRE_pump.png  used on input line 101.
(pdftex.def)             Requested size: 289.07999pt x 207.34726pt.
 [6 <./images/MSRE_flow_diagram.png> <./images/MSRE_fuel_channel.png>] [7 <./im
ages/MSRE_pump.png>] [8

] [9]
<figures/pdf/periodic_table.png, id=684, 660.5478pt x 510.708pt>
File: figures/pdf/periodic_table.png Graphic file (type png)
<use figures/pdf/periodic_table.png>
Package pdftex.def Info: figures/pdf/periodic_table.png  used on input line 178
.
(pdftex.def)             Requested size: 433.62pt x 335.26039pt.
 [10 <./figures/pdf/periodic_table.png>] [11


]
<images/multiphysics.png, id=701, 691.8648pt x 320.397pt>
File: images/multiphysics.png Graphic file (type png)
<use images/multiphysics.png>
Package pdftex.def Info: images/multiphysics.png  used on input line 199.
(pdftex.def)             Requested size: 433.62pt x 200.80984pt.
) [12 <./images/multiphysics.png>]
:<-
:<+ chapters/chapter-2.tex
\openout2 = `chapters/chapter-2.aux'.

(./chapters/chapter-2.tex
Chapter 2.
[13




] [14]
<figures/pdf/time_dependent_void.png, id=728, 702.625pt x 409.53pt>
File: figures/pdf/time_dependent_void.png Graphic file (type png)
<use figures/pdf/time_dependent_void.png>
Package pdftex.def Info: figures/pdf/time_dependent_void.png  used on input lin
e 29.
(pdftex.def)             Requested size: 289.07999pt x 168.49577pt.
 [15 <./figures/pdf/time_dependent_void.png>]
<figures/pdf/equilibrium_void.png, id=736, 726.715pt x 277.035pt>
File: figures/pdf/equilibrium_void.png Graphic file (type png)
<use figures/pdf/equilibrium_void.png>
Package pdftex.def Info: figures/pdf/equilibrium_void.png  used on input line 3
9.
(pdftex.def)             Requested size: 289.07999pt x 110.20331pt.
 [16 <./figures/pdf/equilibrium_void.png>]
<images/MSRE_mass_transfer_coeff.png, id=757, 628.3475pt x 436.63126pt>
File: images/MSRE_mass_transfer_coeff.png Graphic file (type png)
<use images/MSRE_mass_transfer_coeff.png>
Package pdftex.def Info: images/MSRE_mass_transfer_coeff.png  used on input lin
e 72.
(pdftex.def)             Requested size: 289.07999pt x 200.8728pt.
 [17 <./images/MSRE_mass_transfer_coeff.png>]
<images/MSRE_mean_bub_dia.png, id=767, 628.3475pt x 436.63126pt>
File: images/MSRE_mean_bub_dia.png Graphic file (type png)
<use images/MSRE_mean_bub_dia.png>
Package pdftex.def Info: images/MSRE_mean_bub_dia.png  used on input line 81.
(pdftex.def)             Requested size: 289.07999pt x 200.8728pt.
<images/MSRE_bub_stripping.png, id=768, 609.27625pt x 382.42876pt>
File: images/MSRE_bub_stripping.png Graphic file (type png)
<use images/MSRE_bub_stripping.png>
Package pdftex.def Info: images/MSRE_bub_stripping.png  used on input line 88.
(pdftex.def)             Requested size: 289.07999pt x 181.4513pt.
 [18 <./images/MSRE_mean_bub_dia.png> <./images/MSRE_bub_stripping.png>] [19

] [20] [21] [22])
[23]
:<-
:<+ chapters/chapter-3.tex
\openout2 = `chapters/chapter-3.aux'.

(./chapters/chapter-3.tex
Chapter 3.
<figures/pdf/two_phase_cell_volume.png, id=828, 386.8854pt x 344.487pt>
File: figures/pdf/two_phase_cell_volume.png Graphic file (type png)
<use figures/pdf/two_phase_cell_volume.png>
Package pdftex.def Info: figures/pdf/two_phase_cell_volume.png  used on input l
ine 14.
(pdftex.def)             Requested size: 216.81pt x 193.05331pt.
[24




] [25 <./figures/pdf/two_phase_cell_volume.png>] [26] [27] [28] [29]
[30]
<images/general_phase_interface.png, id=907, 406.6392pt x 339.669pt>
File: images/general_phase_interface.png Graphic file (type png)
<use images/general_phase_interface.png>
Package pdftex.def Info: images/general_phase_interface.png  used on input line
 228.
(pdftex.def)             Requested size: 231.26378pt x 193.17796pt.
 [31 <./images/general_phase_interface.png>] [32] [33] [34] [35] [36]
<figures/pdf/bubbles_in_cell.png, id=995, 386.8854pt x 344.487pt>
File: figures/pdf/bubbles_in_cell.png Graphic file (type png)
<use figures/pdf/bubbles_in_cell.png>
Package pdftex.def Info: figures/pdf/bubbles_in_cell.png  used on input line 41
9.
(pdftex.def)             Requested size: 144.54pt x 128.6987pt.

[37]
<figures/pdf/pressure_contribution_of_surface_tension.png, id=1009, 462.528pt x
 346.896pt>
File: figures/pdf/pressure_contribution_of_surface_tension.png Graphic file (ty
pe png)
<use figures/pdf/pressure_contribution_of_surface_tension.png>
Package pdftex.def Info: figures/pdf/pressure_contribution_of_surface_tension.p
ng  used on input line 443.
(pdftex.def)             Requested size: 325.215pt x 243.92122pt.
 [38 <./figures/pdf/bubbles_in_cell.png>]) [39 <./figures/pdf/pressure_contribu
tion_of_surface_tension.png>]
:<-
:<+ chapters/chapter-4.tex
\openout2 = `chapters/chapter-4.aux'.

(./chapters/chapter-4.tex
Chapter 4.
[40




] [41]
<images/axial_mesh_cells.png, id=1049, 268.00125pt x 145.29282pt>
File: images/axial_mesh_cells.png Graphic file (type png)
<use images/axial_mesh_cells.png>
Package pdftex.def Info: images/axial_mesh_cells.png  used on input line 60.
(pdftex.def)             Requested size: 289.07999pt x 156.7188pt.
<images/lat_mesh_cells.png, id=1050, 213.04594pt x 126.4725pt>
File: images/lat_mesh_cells.png Graphic file (type png)
<use images/lat_mesh_cells.png>
Package pdftex.def Info: images/lat_mesh_cells.png  used on input line 67.
(pdftex.def)             Requested size: 289.07999pt x 171.62013pt.
 [42 <./images/axial_mesh_cells.png> <./images/lat_mesh_cells.png>]
[43

]
<images/2-DConvection.png, id=1071, 542.025pt x 532.389pt>
File: images/2-DConvection.png Graphic file (type png)
<use images/2-DConvection.png>
Package pdftex.def Info: images/2-DConvection.png  used on input line 101.
(pdftex.def)             Requested size: 289.07999pt x 283.95201pt.
 [44 <./images/2-DConvection.png>] [45

]
<images/1-DConvection.png, id=1092, 512.1534pt x 365.2044pt>
File: images/1-DConvection.png Graphic file (type png)
<use images/1-DConvection.png>
Package pdftex.def Info: images/1-DConvection.png  used on input line 175.
(pdftex.def)             Requested size: 361.34999pt x 257.6809pt.
 [46]) [47 <./images/1-DConvection.png>]
:<-
:<+ chapters/chapter-5.tex
\openout2 = `chapters/chapter-5.aux'.

(./chapters/chapter-5.tex
Chapter 5.
[48




] [49]
<images/XeIBuildup.png, id=1149, 462.528pt x 346.896pt>
File: images/XeIBuildup.png Graphic file (type png)
<use images/XeIBuildup.png>
Package pdftex.def Info: images/XeIBuildup.png  used on input line 84.
(pdftex.def)             Requested size: 361.34999pt x 271.0277pt.
<images/IError.png, id=1150, 462.528pt x 346.896pt>
File: images/IError.png Graphic file (type png)
<use images/IError.png>
Package pdftex.def Info: images/IError.png  used on input line 93.
(pdftex.def)             Requested size: 211.3883pt x 158.54192pt.
<images/XeError.png, id=1151, 462.528pt x 346.896pt>
File: images/XeError.png Graphic file (type png)
<use images/XeError.png>
Package pdftex.def Info: images/XeError.png  used on input line 99.
(pdftex.def)             Requested size: 211.3883pt x 158.54192pt.
 [50 <./images/XeIBuildup.png>] [51 <./images/IError.png> <./images/XeError.png
>]
<images/transportSpeciesLateral.png, id=1175, 462.528pt x 346.896pt>
File: images/transportSpeciesLateral.png Graphic file (type png)
<use images/transportSpeciesLateral.png>
Package pdftex.def Info: images/transportSpeciesLateral.png  used on input line
 143.
(pdftex.def)             Requested size: 211.3883pt x 158.54192pt.
<images/transportSpeciesConvection.png, id=1176, 462.528pt x 346.896pt>
File: images/transportSpeciesConvection.png Graphic file (type png)
<use images/transportSpeciesConvection.png>
Package pdftex.def Info: images/transportSpeciesConvection.png  used on input l
ine 149.
(pdftex.def)             Requested size: 211.3883pt x 158.54192pt.
 [52 <./images/transportSpeciesLateral.png> <./images/transportSpeciesConvectio
n.png>]
<images/transportedSpeciesAxialNonuniform.png, id=1190, 462.528pt x 346.896pt>
File: images/transportedSpeciesAxialNonuniform.png Graphic file (type png)
<use images/transportedSpeciesAxialNonuniform.png>
Package pdftex.def Info: images/transportedSpeciesAxialNonuniform.png  used on 
input line 197.
(pdftex.def)             Requested size: 211.3883pt x 158.54192pt.
<images/transportedSpeciesAxialNonuniformError.png, id=1191, 462.528pt x 346.89
6pt>
File: images/transportedSpeciesAxialNonuniformError.png Graphic file (type png)

<use images/transportedSpeciesAxialNonuniformError.png>
Package pdftex.def Info: images/transportedSpeciesAxialNonuniformError.png  use
d on input line 203.
(pdftex.def)             Requested size: 211.3883pt x 158.54192pt.
 [53] [54 <./images/transportedSpeciesAxialNonuniform.png> <./images/transporte
dSpeciesAxialNonuniformError.png>] [55]
<images/BubbleDiaTemperatureIncrease.png, id=1229, 462.528pt x 346.896pt>
File: images/BubbleDiaTemperatureIncrease.png Graphic file (type png)
<use images/BubbleDiaTemperatureIncrease.png>
Package pdftex.def Info: images/BubbleDiaTemperatureIncrease.png  used on input
 line 247.
(pdftex.def)             Requested size: 211.3883pt x 158.54192pt.
<images/IntAreaTemperatureIncrease.png, id=1230, 462.528pt x 346.896pt>
File: images/IntAreaTemperatureIncrease.png Graphic file (type png)
<use images/IntAreaTemperatureIncrease.png>
Package pdftex.def Info: images/IntAreaTemperatureIncrease.png  used on input l
ine 253.
(pdftex.def)             Requested size: 211.3883pt x 158.54192pt.
<images/BubbleDiaTemperatureDecrease.png, id=1231, 462.528pt x 346.896pt>
File: images/BubbleDiaTemperatureDecrease.png Graphic file (type png)
<use images/BubbleDiaTemperatureDecrease.png>
Package pdftex.def Info: images/BubbleDiaTemperatureDecrease.png  used on input
 line 263.
(pdftex.def)             Requested size: 211.3883pt x 158.54192pt.
<images/IntAreaTemperatureDecrease.png, id=1232, 462.528pt x 346.896pt>
File: images/IntAreaTemperatureDecrease.png Graphic file (type png)
<use images/IntAreaTemperatureDecrease.png>
Package pdftex.def Info: images/IntAreaTemperatureDecrease.png  used on input l
ine 269.
(pdftex.def)             Requested size: 211.3883pt x 158.54192pt.
 [56 <./images/BubbleDiaTemperatureIncrease.png> <./images/IntAreaTemperatureIn
crease.png> <./images/BubbleDiaTemperatureDecrease.png> <./images/IntAreaTemper
atureDecrease.png>]
<images/BubbleDiaPressureIncrease.png, id=1241, 462.528pt x 346.896pt>
File: images/BubbleDiaPressureIncrease.png Graphic file (type png)
<use images/BubbleDiaPressureIncrease.png>
Package pdftex.def Info: images/BubbleDiaPressureIncrease.png  used on input li
ne 283.
(pdftex.def)             Requested size: 211.3883pt x 158.54192pt.
<images/IntAreaPressureIncrease.png, id=1242, 462.528pt x 346.896pt>
File: images/IntAreaPressureIncrease.png Graphic file (type png)
<use images/IntAreaPressureIncrease.png>
Package pdftex.def Info: images/IntAreaPressureIncrease.png  used on input line
 289.
(pdftex.def)             Requested size: 211.3883pt x 158.54192pt.
<images/BubbleDiaPressureDecrease.png, id=1243, 462.528pt x 346.896pt>
File: images/BubbleDiaPressureDecrease.png Graphic file (type png)
<use images/BubbleDiaPressureDecrease.png>
Package pdftex.def Info: images/BubbleDiaPressureDecrease.png  used on input li
ne 299.
(pdftex.def)             Requested size: 211.3883pt x 158.54192pt.
<images/IntAreaPressureDecrease.png, id=1244, 462.528pt x 346.896pt>
File: images/IntAreaPressureDecrease.png Graphic file (type png)
<use images/IntAreaPressureDecrease.png>
Package pdftex.def Info: images/IntAreaPressureDecrease.png  used on input line
 305.
(pdftex.def)             Requested size: 211.3883pt x 158.54192pt.

[57 <./images/BubbleDiaPressureIncrease.png> <./images/IntAreaPressureIncrease.
png> <./images/BubbleDiaPressureDecrease.png> <./images/IntAreaPressureDecrease
.png>]
<images/BubbleDiaMassIncrease.png, id=1253, 462.528pt x 346.896pt>
File: images/BubbleDiaMassIncrease.png Graphic file (type png)
<use images/BubbleDiaMassIncrease.png>
Package pdftex.def Info: images/BubbleDiaMassIncrease.png  used on input line 3
21.
(pdftex.def)             Requested size: 211.3883pt x 158.54192pt.
<images/IntAreaMassIncrease.png, id=1254, 462.528pt x 346.896pt>
File: images/IntAreaMassIncrease.png Graphic file (type png)
<use images/IntAreaMassIncrease.png>
Package pdftex.def Info: images/IntAreaMassIncrease.png  used on input line 327
.
(pdftex.def)             Requested size: 211.3883pt x 158.54192pt.
<images/BubbleDiaMassDecrease.png, id=1255, 462.528pt x 346.896pt>
File: images/BubbleDiaMassDecrease.png Graphic file (type png)
<use images/BubbleDiaMassDecrease.png>
Package pdftex.def Info: images/BubbleDiaMassDecrease.png  used on input line 3
37.
(pdftex.def)             Requested size: 211.3883pt x 158.54192pt.
<images/IntAreaMassDecrease.png, id=1256, 462.528pt x 346.896pt>
File: images/IntAreaMassDecrease.png Graphic file (type png)
<use images/IntAreaMassDecrease.png>
Package pdftex.def Info: images/IntAreaMassDecrease.png  used on input line 343
.
(pdftex.def)             Requested size: 211.3883pt x 158.54192pt.
 [58 <./images/BubbleDiaMassIncrease.png> <./images/IntAreaMassIncrease.png> <.
/images/BubbleDiaMassDecrease.png> <./images/IntAreaMassDecrease.png>]
[59



]
<images/transportSpeciesIntAreaXeGas.png, id=1283, 462.528pt x 346.896pt>
File: images/transportSpeciesIntAreaXeGas.png Graphic file (type png)
<use images/transportSpeciesIntAreaXeGas.png>
Package pdftex.def Info: images/transportSpeciesIntAreaXeGas.png  used on input
 line 405.
(pdftex.def)             Requested size: 211.3883pt x 158.54192pt.
<images/transportedSpeciesIntAreaXeGasError.png, id=1284, 462.528pt x 346.896pt
>
File: images/transportedSpeciesIntAreaXeGasError.png Graphic file (type png)
<use images/transportedSpeciesIntAreaXeGasError.png>
Package pdftex.def Info: images/transportedSpeciesIntAreaXeGasError.png  used o
n input line 411.
(pdftex.def)             Requested size: 211.3883pt x 158.54192pt.
<images/transportSpeciesIntAreaXeLiq.png, id=1285, 462.528pt x 346.896pt>
File: images/transportSpeciesIntAreaXeLiq.png Graphic file (type png)
<use images/transportSpeciesIntAreaXeLiq.png>
Package pdftex.def Info: images/transportSpeciesIntAreaXeLiq.png  used on input
 line 421.
(pdftex.def)             Requested size: 211.3883pt x 158.54192pt.
<images/transportedSpeciesIntAreaXeLiqError.png, id=1286, 462.528pt x 346.896pt
>
File: images/transportedSpeciesIntAreaXeLiqError.png Graphic file (type png)
<use images/transportedSpeciesIntAreaXeLiqError.png>
Package pdftex.def Info: images/transportedSpeciesIntAreaXeLiqError.png  used o
n input line 427.
(pdftex.def)             Requested size: 211.3883pt x 158.54192pt.
 [60 <./images/transportSpeciesIntAreaXeGas.png> <./images/transportedSpeciesIn
tAreaXeGasError.png> <./images/transportSpeciesIntAreaXeLiq.png> <./images/tran
sportedSpeciesIntAreaXeLiqError.png>] [61

]
<images/MultiChanBubbleRemoval.png, id=1310, 208.1376pt x 558.888pt>
File: images/MultiChanBubbleRemoval.png Graphic file (type png)
<use images/MultiChanBubbleRemoval.png>
Package pdftex.def Info: images/MultiChanBubbleRemoval.png  used on input line 
468.
(pdftex.def)             Requested size: 183.20416pt x 491.9594pt.
<images/IntAreaConHeatMap.png, id=1311, 330.9966pt x 694.5147pt>
File: images/IntAreaConHeatMap.png Graphic file (type png)
<use images/IntAreaConHeatMap.png>
Package pdftex.def Info: images/IntAreaConHeatMap.png  used on input line 474.
(pdftex.def)             Requested size: 234.8775pt x 492.84393pt.
<images/XeliqHeatMap.png, id=1312, 330.9966pt x 694.5147pt>
File: images/XeliqHeatMap.png Graphic file (type png)
<use images/XeliqHeatMap.png>
Package pdftex.def Info: images/XeliqHeatMap.png  used on input line 484.
(pdftex.def)             Requested size: 234.8775pt x 492.84393pt.
<images/XeGasHeatMap.png, id=1313, 330.9966pt x 694.5147pt>
File: images/XeGasHeatMap.png Graphic file (type png)
<use images/XeGasHeatMap.png>
Package pdftex.def Info: images/XeGasHeatMap.png  used on input line 490.
(pdftex.def)             Requested size: 234.8775pt x 492.84393pt.
 [62 <./images/MultiChanBubbleRemoval.png> <./images/IntAreaConHeatMap.png>] [6
3 <./images/XeliqHeatMap.png> <./images/XeGasHeatMap.png>]
<images/simple_loop.png, id=1335, 1157.2836pt x 747.2718pt>
File: images/simple_loop.png Graphic file (type png)
<use images/simple_loop.png>
Package pdftex.def Info: images/simple_loop.png  used on input line 514.
(pdftex.def)             Requested size: 361.34999pt x 233.32802pt.
 [64

] [65]
<images/BaseCaseTemperature.png, id=1362, 578.16pt x 361.35pt>
File: images/BaseCaseTemperature.png Graphic file (type png)
<use images/BaseCaseTemperature.png>
Package pdftex.def Info: images/BaseCaseTemperature.png  used on input line 593
.
(pdftex.def)             Requested size: 234.8775pt x 146.79808pt.
<images/BaseCasePressure.png, id=1363, 578.16pt x 361.35pt>
File: images/BaseCasePressure.png Graphic file (type png)
<use images/BaseCasePressure.png>
Package pdftex.def Info: images/BaseCasePressure.png  used on input line 599.
(pdftex.def)             Requested size: 234.8775pt x 146.79808pt.
<images/BaseCaseDiameter.png, id=1364, 578.16pt x 361.35pt>
File: images/BaseCaseDiameter.png Graphic file (type png)
<use images/BaseCaseDiameter.png>
Package pdftex.def Info: images/BaseCaseDiameter.png  used on input line 610.
(pdftex.def)             Requested size: 234.8775pt x 146.79808pt.
<images/BaseCaseVoid.png, id=1365, 578.16pt x 361.35pt>
File: images/BaseCaseVoid.png Graphic file (type png)
<use images/BaseCaseVoid.png>
Package pdftex.def Info: images/BaseCaseVoid.png  used on input line 616.
(pdftex.def)             Requested size: 234.8775pt x 146.79808pt.
<images/BaseCaseIntArea.png, id=1366, 578.16pt x 361.35pt>
File: images/BaseCaseIntArea.png Graphic file (type png)
<use images/BaseCaseIntArea.png>
Package pdftex.def Info: images/BaseCaseIntArea.png  used on input line 627.
(pdftex.def)             Requested size: 234.8775pt x 146.79808pt.
<images/BaseCaseI.png, id=1367, 578.16pt x 361.35pt>
File: images/BaseCaseI.png Graphic file (type png)
<use images/BaseCaseI.png>
Package pdftex.def Info: images/BaseCaseI.png  used on input line 633.
(pdftex.def)             Requested size: 234.8775pt x 146.79808pt.
<images/BaseCaseHeGas.png, id=1368, 578.16pt x 361.35pt>
File: images/BaseCaseHeGas.png Graphic file (type png)
<use images/BaseCaseHeGas.png>
Package pdftex.def Info: images/BaseCaseHeGas.png  used on input line 644.
(pdftex.def)             Requested size: 234.8775pt x 146.79808pt.
<images/BaseCaseHeLiq.png, id=1369, 578.16pt x 361.35pt>
File: images/BaseCaseHeLiq.png Graphic file (type png)
<use images/BaseCaseHeLiq.png>
Package pdftex.def Info: images/BaseCaseHeLiq.png  used on input line 650.
(pdftex.def)             Requested size: 234.8775pt x 146.79808pt.
<images/BaseCaseXeLiq.png, id=1370, 578.16pt x 361.35pt>
File: images/BaseCaseXeLiq.png Graphic file (type png)
<use images/BaseCaseXeLiq.png>
Package pdftex.def Info: images/BaseCaseXeLiq.png  used on input line 661.
(pdftex.def)             Requested size: 234.8775pt x 146.79808pt.
<images/BaseCaseXeGas.png, id=1371, 578.16pt x 361.35pt>
File: images/BaseCaseXeGas.png Graphic file (type png)
<use images/BaseCaseXeGas.png>
Package pdftex.def Info: images/BaseCaseXeGas.png  used on input line 667.
(pdftex.def)             Requested size: 234.8775pt x 146.79808pt.
<images/BaseCaseFractionXeInBubbles.png, id=1372, 578.16pt x 361.35pt>
File: images/BaseCaseFractionXeInBubbles.png Graphic file (type png)
<use images/BaseCaseFractionXeInBubbles.png>
Package pdftex.def Info: images/BaseCaseFractionXeInBubbles.png  used on input 
line 676.
(pdftex.def)             Requested size: 252.94499pt x 158.09024pt.
 [66 <./images/simple_loop.png>] [67 <./images/BaseCaseTemperature.png> <./imag
es/BaseCasePressure.png> <./images/BaseCaseDiameter.png> <./images/BaseCaseVoid
.png> <./images/BaseCaseIntArea.png> <./images/BaseCaseI.png>] [68 <./images/Ba
seCaseHeGas.png> <./images/BaseCaseHeLiq.png> <./images/BaseCaseXeLiq.png> <./i
mages/BaseCaseXeGas.png> <./images/BaseCaseFractionXeInBubbles.png>] [69

]
<images/InjectedDiameter.png, id=1420, 578.16pt x 361.35pt>
File: images/InjectedDiameter.png Graphic file (type png)
<use images/InjectedDiameter.png>
Package pdftex.def Info: images/InjectedDiameter.png  used on input line 700.
(pdftex.def)             Requested size: 234.8775pt x 146.79808pt.
<images/InjectedVoid.png, id=1421, 578.16pt x 361.35pt>
File: images/InjectedVoid.png Graphic file (type png)
<use images/InjectedVoid.png>
Package pdftex.def Info: images/InjectedVoid.png  used on input line 706.
(pdftex.def)             Requested size: 234.8775pt x 146.79808pt.
<images/InjectedIntArea.png, id=1422, 578.16pt x 361.35pt>
File: images/InjectedIntArea.png Graphic file (type png)
<use images/InjectedIntArea.png>
Package pdftex.def Info: images/InjectedIntArea.png  used on input line 717.
(pdftex.def)             Requested size: 234.8775pt x 146.79808pt.
<images/InjectedFractionXeInBubbles.png, id=1423, 578.16pt x 361.35pt>
File: images/InjectedFractionXeInBubbles.png Graphic file (type png)
<use images/InjectedFractionXeInBubbles.png>
Package pdftex.def Info: images/InjectedFractionXeInBubbles.png  used on input 
line 723.
(pdftex.def)             Requested size: 234.8775pt x 146.79808pt.
 [70] [71 <./images/InjectedDiameter.png> <./images/InjectedVoid.png> <./images
/InjectedIntArea.png> <./images/InjectedFractionXeInBubbles.png>]
<images/InjectedHeGas.png, id=1436, 578.16pt x 361.35pt>
File: images/InjectedHeGas.png Graphic file (type png)
<use images/InjectedHeGas.png>
Package pdftex.def Info: images/InjectedHeGas.png  used on input line 736.
(pdftex.def)             Requested size: 234.8775pt x 146.79808pt.
<images/InjectedHeLiq.png, id=1437, 578.16pt x 361.35pt>
File: images/InjectedHeLiq.png Graphic file (type png)
<use images/InjectedHeLiq.png>
Package pdftex.def Info: images/InjectedHeLiq.png  used on input line 742.
(pdftex.def)             Requested size: 234.8775pt x 146.79808pt.
<images/InjectedXeLiq.png, id=1438, 578.16pt x 361.35pt>
File: images/InjectedXeLiq.png Graphic file (type png)
<use images/InjectedXeLiq.png>
Package pdftex.def Info: images/InjectedXeLiq.png  used on input line 753.
(pdftex.def)             Requested size: 234.8775pt x 146.79808pt.
<images/InjectedXeGas.png, id=1439, 578.16pt x 361.35pt>
File: images/InjectedXeGas.png Graphic file (type png)
<use images/InjectedXeGas.png>
Package pdftex.def Info: images/InjectedXeGas.png  used on input line 759.
(pdftex.def)             Requested size: 234.8775pt x 146.79808pt.
 [72 <./images/InjectedHeGas.png> <./images/InjectedHeLiq.png> <./images/Inject
edXeLiq.png> <./images/InjectedXeGas.png>]
<images/CoeffDiameter.png, id=1465, 578.16pt x 361.35pt>
File: images/CoeffDiameter.png Graphic file (type png)
<use images/CoeffDiameter.png>
Package pdftex.def Info: images/CoeffDiameter.png  used on input line 783.
(pdftex.def)             Requested size: 234.8775pt x 146.79808pt.
<images/CoeffVoid.png, id=1466, 578.16pt x 361.35pt>
File: images/CoeffVoid.png Graphic file (type png)
<use images/CoeffVoid.png>
Package pdftex.def Info: images/CoeffVoid.png  used on input line 789.
(pdftex.def)             Requested size: 234.8775pt x 146.79808pt.
<images/CoeffIntArea.png, id=1467, 578.16pt x 361.35pt>
File: images/CoeffIntArea.png Graphic file (type png)
<use images/CoeffIntArea.png>
Package pdftex.def Info: images/CoeffIntArea.png  used on input line 801.
(pdftex.def)             Requested size: 234.8775pt x 146.79808pt.
<images/CoeffFractionXeInBubbles.png, id=1468, 578.16pt x 361.35pt>
File: images/CoeffFractionXeInBubbles.png Graphic file (type png)
<use images/CoeffFractionXeInBubbles.png>
Package pdftex.def Info: images/CoeffFractionXeInBubbles.png  used on input lin
e 807.
(pdftex.def)             Requested size: 234.8775pt x 146.79808pt.
 [73

] [74 <./images/CoeffDiameter.png> <./images/CoeffVoid.png> <./images/CoeffIntA
rea.png> <./images/CoeffFractionXeInBubbles.png>]
<images/CoeffHeGas.png, id=1481, 578.16pt x 361.35pt>
File: images/CoeffHeGas.png Graphic file (type png)
<use images/CoeffHeGas.png>
Package pdftex.def Info: images/CoeffHeGas.png  used on input line 822.
(pdftex.def)             Requested size: 234.8775pt x 146.79808pt.
<images/CoeffHeLiq.png, id=1482, 578.16pt x 361.35pt>
File: images/CoeffHeLiq.png Graphic file (type png)
<use images/CoeffHeLiq.png>
Package pdftex.def Info: images/CoeffHeLiq.png  used on input line 828.
(pdftex.def)             Requested size: 234.8775pt x 146.79808pt.
<images/CoeffXeLiq.png, id=1483, 578.16pt x 361.35pt>
File: images/CoeffXeLiq.png Graphic file (type png)
<use images/CoeffXeLiq.png>
Package pdftex.def Info: images/CoeffXeLiq.png  used on input line 839.
(pdftex.def)             Requested size: 234.8775pt x 146.79808pt.
<images/CoeffXeGas.png, id=1484, 578.16pt x 361.35pt>
File: images/CoeffXeGas.png Graphic file (type png)
<use images/CoeffXeGas.png>
Package pdftex.def Info: images/CoeffXeGas.png  used on input line 845.
(pdftex.def)             Requested size: 234.8775pt x 146.79808pt.
 [75 <./images/CoeffHeGas.png> <./images/CoeffHeLiq.png> <./images/CoeffXeLiq.p
ng> <./images/CoeffXeGas.png>]
<images/RateDiameter.png, id=1493, 578.16pt x 361.35pt>
File: images/RateDiameter.png Graphic file (type png)
<use images/RateDiameter.png>
Package pdftex.def Info: images/RateDiameter.png  used on input line 862.
(pdftex.def)             Requested size: 234.8775pt x 146.79808pt.
<images/RateVoid.png, id=1494, 578.16pt x 361.35pt>
File: images/RateVoid.png Graphic file (type png)
<use images/RateVoid.png>
Package pdftex.def Info: images/RateVoid.png  used on input line 868.
(pdftex.def)             Requested size: 234.8775pt x 146.79808pt.
<images/RateIntArea.png, id=1495, 578.16pt x 361.35pt>
File: images/RateIntArea.png Graphic file (type png)
<use images/RateIntArea.png>
Package pdftex.def Info: images/RateIntArea.png  used on input line 879.
(pdftex.def)             Requested size: 234.8775pt x 146.79808pt.
<images/RateFractionXeInBubbles.png, id=1496, 578.16pt x 361.35pt>
File: images/RateFractionXeInBubbles.png Graphic file (type png)
<use images/RateFractionXeInBubbles.png>
Package pdftex.def Info: images/RateFractionXeInBubbles.png  used on input line
 885.
(pdftex.def)             Requested size: 234.8775pt x 146.79808pt.
 [76 <./images/RateDiameter.png> <./images/RateVoid.png> <./images/RateIntArea.
png> <./images/RateFractionXeInBubbles.png>]
<images/RateHeGas.png, id=1506, 578.16pt x 361.35pt>
File: images/RateHeGas.png Graphic file (type png)
<use images/RateHeGas.png>
Package pdftex.def Info: images/RateHeGas.png  used on input line 900.
(pdftex.def)             Requested size: 234.8775pt x 146.79808pt.
<images/RateHeLiq.png, id=1507, 578.16pt x 361.35pt>
File: images/RateHeLiq.png Graphic file (type png)
<use images/RateHeLiq.png>
Package pdftex.def Info: images/RateHeLiq.png  used on input line 906.
(pdftex.def)             Requested size: 234.8775pt x 146.79808pt.
<images/RateXeLiq.png, id=1508, 578.16pt x 361.35pt>
File: images/RateXeLiq.png Graphic file (type png)
<use images/RateXeLiq.png>
Package pdftex.def Info: images/RateXeLiq.png  used on input line 917.
(pdftex.def)             Requested size: 234.8775pt x 146.79808pt.
<images/RateXeGas.png, id=1509, 578.16pt x 361.35pt>
File: images/RateXeGas.png Graphic file (type png)
<use images/RateXeGas.png>
Package pdftex.def Info: images/RateXeGas.png  used on input line 923.
(pdftex.def)             Requested size: 234.8775pt x 146.79808pt.
 [77 <./images/RateHeGas.png> <./images/RateHeLiq.png> <./images/RateXeLiq.png>
 <./images/RateXeGas.png>] [78




]
<images/EffDiameter.png, id=1542, 578.16pt x 361.35pt>
File: images/EffDiameter.png Graphic file (type png)
<use images/EffDiameter.png>
Package pdftex.def Info: images/EffDiameter.png  used on input line 948.
(pdftex.def)             Requested size: 234.8775pt x 146.79808pt.
<images/EffVoid.png, id=1543, 578.16pt x 361.35pt>
File: images/EffVoid.png Graphic file (type png)
<use images/EffVoid.png>
Package pdftex.def Info: images/EffVoid.png  used on input line 954.
(pdftex.def)             Requested size: 234.8775pt x 146.79808pt.
<images/EffIntArea.png, id=1544, 578.16pt x 361.35pt>
File: images/EffIntArea.png Graphic file (type png)
<use images/EffIntArea.png>
Package pdftex.def Info: images/EffIntArea.png  used on input line 965.
(pdftex.def)             Requested size: 234.8775pt x 146.79808pt.
<images/EffFractionXeInBubbles.png, id=1545, 578.16pt x 361.35pt>
File: images/EffFractionXeInBubbles.png Graphic file (type png)
<use images/EffFractionXeInBubbles.png>
Package pdftex.def Info: images/EffFractionXeInBubbles.png  used on input line 
971.
(pdftex.def)             Requested size: 234.8775pt x 146.79808pt.
 [79 <./images/EffDiameter.png> <./images/EffVoid.png> <./images/EffIntArea.png
> <./images/EffFractionXeInBubbles.png>]
<images/EffHeGas.png, id=1554, 578.16pt x 361.35pt>
File: images/EffHeGas.png Graphic file (type png)
<use images/EffHeGas.png>
Package pdftex.def Info: images/EffHeGas.png  used on input line 986.
(pdftex.def)             Requested size: 234.8775pt x 146.79808pt.
<images/EffHeLiq.png, id=1555, 578.16pt x 361.35pt>
File: images/EffHeLiq.png Graphic file (type png)
<use images/EffHeLiq.png>
Package pdftex.def Info: images/EffHeLiq.png  used on input line 992.
(pdftex.def)             Requested size: 234.8775pt x 146.79808pt.
<images/EffXeLiq.png, id=1556, 578.16pt x 361.35pt>
File: images/EffXeLiq.png Graphic file (type png)
<use images/EffXeLiq.png>
Package pdftex.def Info: images/EffXeLiq.png  used on input line 1003.
(pdftex.def)             Requested size: 234.8775pt x 146.79808pt.
<images/EffXeGas.png, id=1557, 578.16pt x 361.35pt>
File: images/EffXeGas.png Graphic file (type png)
<use images/EffXeGas.png>
Package pdftex.def Info: images/EffXeGas.png  used on input line 1009.
(pdftex.def)             Requested size: 234.8775pt x 146.79808pt.
 [80 <./images/EffHeGas.png> <./images/EffHeLiq.png> <./images/EffXeLiq.png> <.
/images/EffXeGas.png>]
<images/CoverGasDiameter.png, id=1566, 578.16pt x 361.35pt>
File: images/CoverGasDiameter.png Graphic file (type png)
<use images/CoverGasDiameter.png>
Package pdftex.def Info: images/CoverGasDiameter.png  used on input line 1026.
(pdftex.def)             Requested size: 234.8775pt x 146.79808pt.
<images/CoverGasVoid.png, id=1567, 578.16pt x 361.35pt>
File: images/CoverGasVoid.png Graphic file (type png)
<use images/CoverGasVoid.png>
Package pdftex.def Info: images/CoverGasVoid.png  used on input line 1032.
(pdftex.def)             Requested size: 234.8775pt x 146.79808pt.
<images/CoverGasIntArea.png, id=1568, 578.16pt x 361.35pt>
File: images/CoverGasIntArea.png Graphic file (type png)
<use images/CoverGasIntArea.png>
Package pdftex.def Info: images/CoverGasIntArea.png  used on input line 1043.
(pdftex.def)             Requested size: 234.8775pt x 146.79808pt.
<images/CoverGasFractionXeInBubbles.png, id=1569, 578.16pt x 361.35pt>
File: images/CoverGasFractionXeInBubbles.png Graphic file (type png)
<use images/CoverGasFractionXeInBubbles.png>
Package pdftex.def Info: images/CoverGasFractionXeInBubbles.png  used on input 
line 1049.
(pdftex.def)             Requested size: 234.8775pt x 146.79808pt.
 [81 <./images/CoverGasDiameter.png> <./images/CoverGasVoid.png> <./images/Cove
rGasIntArea.png> <./images/CoverGasFractionXeInBubbles.png>]
<images/CoverGasHeGas.png, id=1578, 578.16pt x 361.35pt>
File: images/CoverGasHeGas.png Graphic file (type png)
<use images/CoverGasHeGas.png>
Package pdftex.def Info: images/CoverGasHeGas.png  used on input line 1064.
(pdftex.def)             Requested size: 234.8775pt x 146.79808pt.
<images/CoverGasHeLiq.png, id=1579, 578.16pt x 361.35pt>
File: images/CoverGasHeLiq.png Graphic file (type png)
<use images/CoverGasHeLiq.png>
Package pdftex.def Info: images/CoverGasHeLiq.png  used on input line 1070.
(pdftex.def)             Requested size: 234.8775pt x 146.79808pt.
<images/CoverGasXeLiq.png, id=1580, 578.16pt x 361.35pt>
File: images/CoverGasXeLiq.png Graphic file (type png)
<use images/CoverGasXeLiq.png>
Package pdftex.def Info: images/CoverGasXeLiq.png  used on input line 1081.
(pdftex.def)             Requested size: 234.8775pt x 146.79808pt.
<images/CoverGasXeGas.png, id=1581, 578.16pt x 361.35pt>
File: images/CoverGasXeGas.png Graphic file (type png)
<use images/CoverGasXeGas.png>
Package pdftex.def Info: images/CoverGasXeGas.png  used on input line 1087.
(pdftex.def)             Requested size: 234.8775pt x 146.79808pt.
) [82 <./images/CoverGasHeGas.png> <./images/CoverGasHeLiq.png> <./images/Cover
GasXeLiq.png> <./images/CoverGasXeGas.png>]
:<-
:<+ chapters/chapter-6.tex
\openout2 = `chapters/chapter-6.aux'.

(./chapters/chapter-6.tex
Chapter 6.
) [83







]
:<-
[84



]
:<+ my-dissertation.bbl
(./my-dissertation.bbl (./my-dissertation.brf)
\tf@brf=\write7
\openout7 = `my-dissertation.brf'.

 [85] [86] [87])
:<-
[88]
:<+ back-matter/vita.tex
\openout2 = `back-matter/vita.aux'.

(./back-matter/vita.tex) [89





]
:<-
Package atveryend Info: Empty hook `BeforeClearDocument' on input line 141.
Package atveryend Info: Empty hook `AfterLastShipout' on input line 141.
(./my-dissertation.aux (./front-matter/dedication.aux)
(./front-matter/acknowledgments.aux) (./front-matter/abstract.aux)
(./front-matter.aux) (./chapters/chapter-1.aux) (./chapters/chapter-2.aux)
(./chapters/chapter-3.aux) (./chapters/chapter-4.aux) (./chapters/chapter-5.aux
) (./chapters/chapter-6.aux) (./back-matter/vita.aux))
Package atveryend Info: Executing hook `AtVeryEndDocument' on input line 141.
Package atveryend Info: Executing hook `AtEndAfterFileList' on input line 141.
Package rerunfilecheck Info: File `my-dissertation.out' has not changed.
(rerunfilecheck)             Checksum: B609FEC4A8D51EE90A5D4DA41A733A13;4708.


Package rerunfilecheck Warning: File `my-dissertation.brf' has changed.
(rerunfilecheck)                Rerun to get bibliographical references right.

Package rerunfilecheck Info: Checksums for `my-dissertation.brf':
(rerunfilecheck)             Before: D41D8CD98F00B204E9800998ECF8427E;0
(rerunfilecheck)             After:  B48F77F145AE5F40DBFF1134F4F3B663;5367.
Package atveryend Info: Empty hook `AtVeryVeryEnd' on input line 141.
 ) 
Here is how much of TeX's memory you used:
 12359 strings out of 481239
 199215 string characters out of 5920377
 505350 words of memory out of 5000000
 26801 multiletter control sequences out of 15000+600000
 543100 words of font info for 67 fonts, out of 8000000 for 9000
 1141 hyphenation exceptions out of 8191
 57i,19n,106p,2177b,553s stack positions out of 5000i,500n,10000p,200000b,80000s
{/usr/share/texmf/fonts/enc/dvips/cm-super/cm-super-ts1.enc}</usr/share/texli
ve/texmf-dist/fonts/type1/public/amsfonts/cm/cmbx12.pfb></usr/share/texlive/tex
mf-dist/fonts/type1/public/amsfonts/cm/cmex10.pfb></usr/share/texlive/texmf-dis
t/fonts/type1/public/amsfonts/cm/cmmi12.pfb></usr/share/texlive/texmf-dist/font
s/type1/public/amsfonts/cm/cmmi6.pfb></usr/share/texlive/texmf-dist/fonts/type1
/public/amsfonts/cm/cmmi8.pfb></usr/share/texlive/texmf-dist/fonts/type1/public
/amsfonts/cm/cmr10.pfb></usr/share/texlive/texmf-dist/fonts/type1/public/amsfon
ts/cm/cmr12.pfb></usr/share/texlive/texmf-dist/fonts/type1/public/amsfonts/cm/c
mr17.pfb></usr/share/texlive/texmf-dist/fonts/type1/public/amsfonts/cm/cmr6.pfb
></usr/share/texlive/texmf-dist/fonts/type1/public/amsfonts/cm/cmr7.pfb></usr/s
hare/texlive/texmf-dist/fonts/type1/public/amsfonts/cm/cmr8.pfb></usr/share/tex
live/texmf-dist/fonts/type1/public/amsfonts/cm/cmsy10.pfb></usr/share/texlive/t
exmf-dist/fonts/type1/public/amsfonts/cm/cmsy8.pfb></usr/share/texlive/texmf-di
st/fonts/type1/public/amsfonts/cm/cmti12.pfb></usr/share/texlive/texmf-dist/fon
ts/type1/public/amsfonts/symbols/msam10.pfb></usr/share/texmf/fonts/type1/publi
c/cm-super/sfrm1200.pfb>
Output written on my-dissertation.pdf (102 pages, 22465283 bytes).
PDF statistics:
 1765 PDF objects out of 2073 (max. 8388607)
 1436 compressed objects within 15 object streams
 401 named destinations out of 1000 (max. 500000)
 990 words of extra memory for PDF output out of 10000 (max. 10000000)

